SF:lib/main.dart
DA:4,0
DA:5,0
LF:2
LH:0
end_of_record
SF:lib/core/app_colors.dart
DA:4,0
DA:5,0
DA:6,0
DA:7,0
DA:8,0
DA:9,0
LF:6
LH:0
end_of_record
SF:lib/core/app_gradients.dart
DA:4,0
LF:1
LH:0
end_of_record
SF:lib/core/app_text_styles.dart
DA:6,0
DA:12,0
DA:19,0
DA:25,0
LF:4
LH:0
end_of_record
SF:lib/screens/home_screen.dart
DA:7,0
DA:9,0
DA:11,0
DA:13,0
DA:19,0
DA:21,0
DA:23,0
DA:24,0
DA:25,0
DA:27,0
DA:29,0
DA:30,0
DA:31,0
DA:32,0
DA:33,0
DA:34,0
DA:36,0
DA:38,0
DA:39,0
DA:40,0
DA:42,0
DA:44,0
DA:46,0
DA:51,0
DA:52,0
DA:56,0
DA:57,0
DA:59,0
LF:28
LH:0
end_of_record
